{"/Users/mac/Desktop/Radium Rocket/Semana 12/functions.js": {"path":"/Users/mac/Desktop/Radium Rocket/Semana 12/functions.js","statementMap":{"0":{"start":{"line":3,"column":14},"end":{"line":5,"column":1}},"1":{"start":{"line":4,"column":4},"end":{"line":4,"column":16}},"2":{"start":{"line":9,"column":13},"end":{"line":11,"column":1}},"3":{"start":{"line":10,"column":4},"end":{"line":10,"column":31}},"4":{"start":{"line":15,"column":14},"end":{"line":17,"column":1}},"5":{"start":{"line":16,"column":4},"end":{"line":16,"column":33}},"6":{"start":{"line":21,"column":23},"end":{"line":23,"column":1}},"7":{"start":{"line":22,"column":4},"end":{"line":22,"column":29}},"8":{"start":{"line":27,"column":17},"end":{"line":33,"column":1}},"9":{"start":{"line":28,"column":4},"end":{"line":32,"column":5}},"10":{"start":{"line":29,"column":8},"end":{"line":29,"column":43}},"11":{"start":{"line":31,"column":8},"end":{"line":31,"column":35}},"12":{"start":{"line":37,"column":25},"end":{"line":44,"column":1}},"13":{"start":{"line":38,"column":4},"end":{"line":38,"column":56}},"14":{"start":{"line":38,"column":37},"end":{"line":38,"column":56}},"15":{"start":{"line":39,"column":16},"end":{"line":39,"column":18}},"16":{"start":{"line":40,"column":4},"end":{"line":42,"column":5}},"17":{"start":{"line":40,"column":17},"end":{"line":40,"column":18}},"18":{"start":{"line":41,"column":8},"end":{"line":41,"column":37}},"19":{"start":{"line":43,"column":4},"end":{"line":43,"column":16}},"20":{"start":{"line":48,"column":17},"end":{"line":50,"column":1}},"21":{"start":{"line":49,"column":4},"end":{"line":49,"column":36}},"22":{"start":{"line":54,"column":16},"end":{"line":59,"column":1}},"23":{"start":{"line":56,"column":8},"end":{"line":56,"column":21}},"24":{"start":{"line":58,"column":4},"end":{"line":58,"column":37}},"25":{"start":{"line":63,"column":17},"end":{"line":70,"column":1}},"26":{"start":{"line":64,"column":17},"end":{"line":64,"column":31}},"27":{"start":{"line":65,"column":19},"end":{"line":65,"column":46}},"28":{"start":{"line":66,"column":4},"end":{"line":68,"column":5}},"29":{"start":{"line":66,"column":17},"end":{"line":66,"column":18}},"30":{"start":{"line":67,"column":8},"end":{"line":67,"column":30}},"31":{"start":{"line":69,"column":4},"end":{"line":69,"column":18}}},"fnMap":{"0":{"name":"(anonymous_0)","decl":{"start":{"line":3,"column":14},"end":{"line":3,"column":15}},"loc":{"start":{"line":3,"column":25},"end":{"line":5,"column":1}},"line":3},"1":{"name":"(anonymous_1)","decl":{"start":{"line":9,"column":13},"end":{"line":9,"column":14}},"loc":{"start":{"line":9,"column":37},"end":{"line":11,"column":1}},"line":9},"2":{"name":"(anonymous_2)","decl":{"start":{"line":15,"column":14},"end":{"line":15,"column":15}},"loc":{"start":{"line":15,"column":40},"end":{"line":17,"column":1}},"line":15},"3":{"name":"(anonymous_3)","decl":{"start":{"line":21,"column":23},"end":{"line":21,"column":24}},"loc":{"start":{"line":21,"column":45},"end":{"line":23,"column":1}},"line":21},"4":{"name":"(anonymous_4)","decl":{"start":{"line":27,"column":17},"end":{"line":27,"column":18}},"loc":{"start":{"line":27,"column":41},"end":{"line":33,"column":1}},"line":27},"5":{"name":"(anonymous_5)","decl":{"start":{"line":37,"column":25},"end":{"line":37,"column":26}},"loc":{"start":{"line":37,"column":59},"end":{"line":44,"column":1}},"line":37},"6":{"name":"(anonymous_6)","decl":{"start":{"line":48,"column":17},"end":{"line":48,"column":18}},"loc":{"start":{"line":48,"column":38},"end":{"line":50,"column":1}},"line":48},"7":{"name":"(anonymous_7)","decl":{"start":{"line":54,"column":16},"end":{"line":54,"column":17}},"loc":{"start":{"line":54,"column":26},"end":{"line":59,"column":1}},"line":54},"8":{"name":"cuadrado","decl":{"start":{"line":55,"column":13},"end":{"line":55,"column":21}},"loc":{"start":{"line":55,"column":25},"end":{"line":57,"column":5}},"line":55},"9":{"name":"(anonymous_9)","decl":{"start":{"line":63,"column":17},"end":{"line":63,"column":18}},"loc":{"start":{"line":63,"column":39},"end":{"line":70,"column":1}},"line":63}},"branchMap":{"0":{"loc":{"start":{"line":28,"column":4},"end":{"line":32,"column":5}},"type":"if","locations":[{"start":{"line":28,"column":4},"end":{"line":32,"column":5}},{"start":{"line":28,"column":4},"end":{"line":32,"column":5}}],"line":28},"1":{"loc":{"start":{"line":38,"column":4},"end":{"line":38,"column":56}},"type":"if","locations":[{"start":{"line":38,"column":4},"end":{"line":38,"column":56}},{"start":{"line":38,"column":4},"end":{"line":38,"column":56}}],"line":38}},"s":{"0":1,"1":2,"2":1,"3":1,"4":1,"5":1,"6":1,"7":2,"8":1,"9":4,"10":2,"11":2,"12":1,"13":2,"14":1,"15":2,"16":2,"17":2,"18":18,"19":2,"20":1,"21":0,"22":1,"23":2,"24":1,"25":1,"26":2,"27":2,"28":2,"29":2,"30":4,"31":2},"f":{"0":2,"1":1,"2":1,"3":2,"4":4,"5":2,"6":0,"7":1,"8":2,"9":2},"b":{"0":[2,2],"1":[1,1]},"_coverageSchema":"1a1c01bbd47fc00a2c39e90264f33305004495a9","hash":"85fc5196404a74aeb7944ada4ec85675ff58b9f7"}
}
